app/build/outputs/logs/manifest-merger-debug-report.txt
-- Merging decision tree log ---
manifest
ADDED from src\main\AndroidManifest.xml:3:1-157:12
	package
		ADDED from src\main\AndroidManifest.xml:4:2-30
		INJECTED from src\main\AndroidManifest.xml
		INJECTED from src\main\AndroidManifest.xml
	android:versionName
		ADDED from src\main\AndroidManifest.xml:5:5-35
		INJECTED from src\main\AndroidManifest.xml
		INJECTED from src\main\AndroidManifest.xml
	android:versionCode
		ADDED from src\main\AndroidManifest.xml:6:5-29
		INJECTED from src\main\AndroidManifest.xml
		INJECTED from src\main\AndroidManifest.xml
	xmlns:android
		ADDED from src\main\AndroidManifest.xml:3:11-69
	android:installLocation
		ADDED from src\main\AndroidManifest.xml:7:5-35
uses-sdk
ADDED from src\main\AndroidManifest.xml:8:2-68
MERGED from [com.android.support:appcompat-v7:25.3.1] AndroidManifest.xml:21:5-23:78
MERGED from [com.android.support:support-v4:25.3.1] AndroidManifest.xml:21:5-23:54
MERGED from [com.android.support:support-compat:25.3.1] AndroidManifest.xml:21:5-23:58
MERGED from [com.android.support:support-media-compat:25.3.1] AndroidManifest.xml:21:5-23:63
MERGED from [com.android.support:support-core-utils:25.3.1] AndroidManifest.xml:21:5-23:61
MERGED from [com.android.support:support-core-ui:25.3.1] AndroidManifest.xml:21:5-23:58
MERGED from [com.android.support:support-fragment:25.3.1] AndroidManifest.xml:21:5-23:60
MERGED from [com.android.support:support-vector-drawable:25.3.1] AndroidManifest.xml:20:5-43
MERGED from [com.android.support:animated-vector-drawable:25.3.1] AndroidManifest.xml:20:5-44
	tools:overrideLibrary
		ADDED from [com.android.support:appcompat-v7:25.3.1] AndroidManifest.xml:23:9-75
	android:targetSdkVersion
		ADDED from src\main\AndroidManifest.xml:8:38-66
		INJECTED from src\main\AndroidManifest.xml
		INJECTED from src\main\AndroidManifest.xml
	android:minSdkVersion
		ADDED from src\main\AndroidManifest.xml:8:12-37
		INJECTED from src\main\AndroidManifest.xml
		INJECTED from src\main\AndroidManifest.xml
supports-screens
ADDED from src\main\AndroidManifest.xml:9:2-13:40
	android:largeScreens
		ADDED from src\main\AndroidManifest.xml:12:11-38
	android:smallScreens
		ADDED from src\main\AndroidManifest.xml:11:11-38
	android:normalScreens
		ADDED from src\main\AndroidManifest.xml:10:11-39
	android:anyDensity
		ADDED from src\main\AndroidManifest.xml:13:11-37
uses-feature#android.hardware.bluetooth
ADDED from src\main\AndroidManifest.xml:14:2-84
	android:required
		ADDED from src\main\AndroidManifest.xml:14:58-82
	android:name
		ADDED from src\main\AndroidManifest.xml:14:16-57
uses-feature#android.hardware.location
ADDED from src\main\AndroidManifest.xml:15:2-83
	android:required
		ADDED from src\main\AndroidManifest.xml:15:57-81
	android:name
		ADDED from src\main\AndroidManifest.xml:15:16-56
uses-feature#android.hardware.location.gps
ADDED from src\main\AndroidManifest.xml:16:2-87
	android:required
		ADDED from src\main\AndroidManifest.xml:16:61-85
	android:name
		ADDED from src\main\AndroidManifest.xml:16:16-60
uses-feature#android.hardware.telephony
ADDED from src\main\AndroidManifest.xml:17:2-84
	android:required
		ADDED from src\main\AndroidManifest.xml:17:58-82
	android:name
		ADDED from src\main\AndroidManifest.xml:17:16-57
uses-feature#android.hardware.touchscreen
ADDED from src\main\AndroidManifest.xml:18:2-86
	android:required
		ADDED from src\main\AndroidManifest.xml:18:60-84
	android:name
		ADDED from src\main\AndroidManifest.xml:18:16-59
uses-feature#android.hardware.wifi
ADDED from src\main\AndroidManifest.xml:19:2-79
	android:required
		ADDED from src\main\AndroidManifest.xml:19:53-77
	android:name
		ADDED from src\main\AndroidManifest.xml:19:16-52
uses-feature#android.hardware.camera
ADDED from src\main\AndroidManifest.xml:20:2-81
	android:required
		ADDED from src\main\AndroidManifest.xml:20:55-79
	android:name
		ADDED from src\main\AndroidManifest.xml:20:16-54
application
ADDED from src\main\AndroidManifest.xml:21:2-131:19
MERGED from [com.android.support:appcompat-v7:25.3.1] AndroidManifest.xml:29:5-20
MERGED from [com.android.support:support-v4:25.3.1] AndroidManifest.xml:29:5-20
MERGED from [com.android.support:support-compat:25.3.1] AndroidManifest.xml:29:5-20
MERGED from [com.android.support:support-media-compat:25.3.1] AndroidManifest.xml:29:5-20
MERGED from [com.android.support:support-core-utils:25.3.1] AndroidManifest.xml:29:5-20
MERGED from [com.android.support:support-core-ui:25.3.1] AndroidManifest.xml:29:5-20
MERGED from [com.android.support:support-fragment:25.3.1] AndroidManifest.xml:29:5-20
MERGED from [com.android.support:support-vector-drawable:25.3.1] AndroidManifest.xml:26:5-20
MERGED from [com.android.support:animated-vector-drawable:25.3.1] AndroidManifest.xml:26:5-20
	android:label
		ADDED from src\main\AndroidManifest.xml:23:3-35
	android:icon
		ADDED from src\main\AndroidManifest.xml:22:3-34
	android:theme
		ADDED from src\main\AndroidManifest.xml:24:3-34
activity#org.sipdroid.sipua.ui.Sipdroid
ADDED from src\main\AndroidManifest.xml:26:9-32:20
	android:label
		ADDED from src\main\AndroidManifest.xml:26:65-97
	android:launchMode
		ADDED from src\main\AndroidManifest.xml:26:98-133
	android:configChanges
		ADDED from src\main\AndroidManifest.xml:27:10-60
	android:name
		ADDED from src\main\AndroidManifest.xml:26:19-64
intent-filter#android.intent.action.MAIN+android.intent.category.LAUNCHER
ADDED from src\main\AndroidManifest.xml:28:13-31:29
action#android.intent.action.MAIN
ADDED from src\main\AndroidManifest.xml:29:17-69
	android:name
		ADDED from src\main\AndroidManifest.xml:29:25-66
category#android.intent.category.LAUNCHER
ADDED from src\main\AndroidManifest.xml:30:17-77
	android:name
		ADDED from src\main\AndroidManifest.xml:30:27-74
activity#org.sipdroid.sipua.ui.PSTN
ADDED from src\main\AndroidManifest.xml:33:9-41:20
	android:label
		ADDED from src\main\AndroidManifest.xml:33:61-94
	android:icon
		ADDED from src\main\AndroidManifest.xml:34:10-52
	android:name
		ADDED from src\main\AndroidManifest.xml:33:19-60
intent-filter#android.intent.action.SENDTO+android.intent.category.DEFAULT
ADDED from src\main\AndroidManifest.xml:35:13-40:29
action#android.intent.action.SENDTO
ADDED from src\main\AndroidManifest.xml:36:17-71
	android:name
		ADDED from src\main\AndroidManifest.xml:36:25-68
category#android.intent.category.DEFAULT
ADDED from src\main\AndroidManifest.xml:37:17-76
	android:name
		ADDED from src\main\AndroidManifest.xml:37:27-73
data
ADDED from src\main\AndroidManifest.xml:38:17-46
	android:scheme
		ADDED from src\main\AndroidManifest.xml:38:23-43
activity#org.sipdroid.sipua.ui.SIP
ADDED from src\main\AndroidManifest.xml:42:9-50:20
	android:label
		ADDED from src\main\AndroidManifest.xml:42:60-92
	android:name
		ADDED from src\main\AndroidManifest.xml:42:19-59
activity#org.sipdroid.sipua.ui.AutoAnswer
ADDED from src\main\AndroidManifest.xml:51:9-101
	android:label
		ADDED from src\main\AndroidManifest.xml:51:67-99
	android:name
		ADDED from src\main\AndroidManifest.xml:51:19-66
activity#org.sipdroid.sipua.ui.PresetEditor
ADDED from src\main\AndroidManifest.xml:52:9-70
	android:name
		ADDED from src\main\AndroidManifest.xml:52:19-68
activity#org.sipdroid.sipua.ui.ChangeAccount
ADDED from src\main\AndroidManifest.xml:53:9-56:20
	android:label
		ADDED from src\main\AndroidManifest.xml:53:70-102
	android:name
		ADDED from src\main\AndroidManifest.xml:53:19-69
action#org.sipdroid.sipua.ui.ChangeAccount
ADDED from src\main\AndroidManifest.xml:54:11-72
	android:name
		ADDED from src\main\AndroidManifest.xml:54:19-69
activity#org.sipdroid.sipua.ui.SIPUri
ADDED from src\main\AndroidManifest.xml:57:9-78:20
	android:label
		ADDED from src\main\AndroidManifest.xml:57:63-95
	android:theme
		ADDED from src\main\AndroidManifest.xml:58:11-54
	android:name
		ADDED from src\main\AndroidManifest.xml:57:19-62
intent-filter#android.intent.action.CALL+android.intent.category.DEFAULT
ADDED from src\main\AndroidManifest.xml:59:13-64:29
action#android.intent.action.CALL
ADDED from src\main\AndroidManifest.xml:60:17-69
	android:name
		ADDED from src\main\AndroidManifest.xml:60:25-66
intent-filter#android.intent.action.SENDTO+android.intent.action.VIEW+android.intent.category.BROWSABLE+android.intent.category.DEFAULT
ADDED from src\main\AndroidManifest.xml:65:13-72:29
action#android.intent.action.VIEW
ADDED from src\main\AndroidManifest.xml:67:17-69
	android:name
		ADDED from src\main\AndroidManifest.xml:67:25-66
category#android.intent.category.BROWSABLE
ADDED from src\main\AndroidManifest.xml:69:17-78
	android:name
		ADDED from src\main\AndroidManifest.xml:69:27-75
intent-filter#android.intent.action.CALL_PRIVILEGED+android.intent.category.DEFAULT
ADDED from src\main\AndroidManifest.xml:73:13-77:29
action#android.intent.action.CALL_PRIVILEGED
ADDED from src\main\AndroidManifest.xml:74:17-80
	android:name
		ADDED from src\main\AndroidManifest.xml:74:25-77
activity#org.sipdroid.sipua.ui.Activity2
ADDED from src\main\AndroidManifest.xml:79:9-80:69
	android:label
		ADDED from src\main\AndroidManifest.xml:79:66-98
	android:excludeFromRecents
		ADDED from src\main\AndroidManifest.xml:80:10-43
	android:taskAffinity
		ADDED from src\main\AndroidManifest.xml:80:44-67
	android:name
		ADDED from src\main\AndroidManifest.xml:79:19-65
activity#org.sipdroid.sipua.ui.Settings
ADDED from src\main\AndroidManifest.xml:81:9-84:20
	android:label
		ADDED from src\main\AndroidManifest.xml:81:65-97
	android:configChanges
		ADDED from src\main\AndroidManifest.xml:82:10-60
	android:name
		ADDED from src\main\AndroidManifest.xml:81:19-64
activity#org.sipdroid.codecs.Codecs$CodecSettings
ADDED from src\main\AndroidManifest.xml:85:9-88:20
	android:label
		ADDED from src\main\AndroidManifest.xml:87:5-37
	android:name
		ADDED from src\main\AndroidManifest.xml:86:5-60
activity#org.sipdroid.sipua.ui.VideoCamera
ADDED from src\main\AndroidManifest.xml:89:9-95:20
	android:clearTaskOnLaunch
		ADDED from src\main\AndroidManifest.xml:93:10-42
	android:screenOrientation
		ADDED from src\main\AndroidManifest.xml:92:10-47
	android:label
		ADDED from src\main\AndroidManifest.xml:89:68-102
	android:excludeFromRecents
		ADDED from src\main\AndroidManifest.xml:90:10-43
	android:configChanges
		ADDED from src\main\AndroidManifest.xml:94:10-60
	android:theme
		ADDED from src\main\AndroidManifest.xml:91:4-68
	android:taskAffinity
		ADDED from src\main\AndroidManifest.xml:90:44-67
	android:name
		ADDED from src\main\AndroidManifest.xml:89:19-67
activity#org.sipdroid.sipua.ui.InCallScreen
ADDED from src\main\AndroidManifest.xml:96:9-99:20
	android:label
		ADDED from src\main\AndroidManifest.xml:96:69-101
	android:excludeFromRecents
		ADDED from src\main\AndroidManifest.xml:97:10-43
	android:launchMode
		ADDED from src\main\AndroidManifest.xml:98:10-41
	android:taskAffinity
		ADDED from src\main\AndroidManifest.xml:97:44-67
	android:name
		ADDED from src\main\AndroidManifest.xml:96:19-68
activity#org.sipdroid.sipua.ui.RestartActivity
ADDED from src\main\AndroidManifest.xml:100:9-73
	android:name
		ADDED from src\main\AndroidManifest.xml:100:19-71
receiver#org.sipdroid.sipua.ui.OneShotAlarm
ADDED from src\main\AndroidManifest.xml:101:6-67
	android:name
		ADDED from src\main\AndroidManifest.xml:101:16-65
receiver#org.sipdroid.sipua.ui.OneShotAlarm2
ADDED from src\main\AndroidManifest.xml:102:6-68
	android:name
		ADDED from src\main\AndroidManifest.xml:102:16-66
receiver#org.sipdroid.sipua.ui.LoopAlarm
ADDED from src\main\AndroidManifest.xml:103:6-64
	android:name
		ADDED from src\main\AndroidManifest.xml:103:16-62
receiver#org.sipdroid.sipua.ui.OwnWifi
ADDED from src\main\AndroidManifest.xml:104:6-62
	android:name
		ADDED from src\main\AndroidManifest.xml:104:16-60
receiver#org.sipdroid.sipua.ui.OneShotLocation
ADDED from src\main\AndroidManifest.xml:105:6-70
	android:name
		ADDED from src\main\AndroidManifest.xml:105:16-68
receiver#org.sipdroid.sipua.ui.LoopLocation
ADDED from src\main\AndroidManifest.xml:106:6-67
	android:name
		ADDED from src\main\AndroidManifest.xml:106:16-65
receiver#org.sipdroid.sipua.ui.Caller
ADDED from src\main\AndroidManifest.xml:107:6-111:17
	android:name
		ADDED from src\main\AndroidManifest.xml:107:16-59
intent-filter#android.intent.action.NEW_OUTGOING_CALL
ADDED from src\main\AndroidManifest.xml:108:10-110:26
	android:priority
		ADDED from src\main\AndroidManifest.xml:108:25-46
action#android.intent.action.NEW_OUTGOING_CALL
ADDED from src\main\AndroidManifest.xml:109:11-76
	android:name
		ADDED from src\main\AndroidManifest.xml:109:19-73
receiver#org.sipdroid.sipua.ui.Receiver
ADDED from src\main\AndroidManifest.xml:112:9-123:17
	android:enabled
		ADDED from src\main\AndroidManifest.xml:112:65-87
	android:name
		ADDED from src\main\AndroidManifest.xml:112:19-64
intent-filter#android.intent.action.BOOT_COMPLETED+android.intent.action.EXTERNAL_APPLICATIONS_AVAILABLE+android.intent.action.EXTERNAL_APPLICATIONS_UNAVAILABLE
ADDED from src\main\AndroidManifest.xml:113:9-117:25
action#android.intent.action.BOOT_COMPLETED
ADDED from src\main\AndroidManifest.xml:114:11-73
	android:name
		ADDED from src\main\AndroidManifest.xml:114:19-70
action#android.intent.action.EXTERNAL_APPLICATIONS_AVAILABLE
ADDED from src\main\AndroidManifest.xml:115:11-90
	android:name
		ADDED from src\main\AndroidManifest.xml:115:19-87
action#android.intent.action.EXTERNAL_APPLICATIONS_UNAVAILABLE
ADDED from src\main\AndroidManifest.xml:116:11-92
	android:name
		ADDED from src\main\AndroidManifest.xml:116:19-89
intent-filter#android.intent.action.PACKAGE_REPLACED
ADDED from src\main\AndroidManifest.xml:118:9-122:25
action#android.intent.action.PACKAGE_REPLACED
ADDED from src\main\AndroidManifest.xml:119:11-75
	android:name
		ADDED from src\main\AndroidManifest.xml:119:19-72
receiver#org.sipdroid.sipua.ui.PhoneStart
ADDED from src\main\AndroidManifest.xml:124:9-129:20
	android:name
		ADDED from src\main\AndroidManifest.xml:124:19-66
intent-filter#org.sipdroid.START_SIPDROID+org.sipdroid.STOP_SIPDROID
ADDED from src\main\AndroidManifest.xml:125:13-128:29
action#org.sipdroid.START_SIPDROID
ADDED from src\main\AndroidManifest.xml:126:17-70
	android:name
		ADDED from src\main\AndroidManifest.xml:126:25-67
action#org.sipdroid.STOP_SIPDROID
ADDED from src\main\AndroidManifest.xml:127:17-69
	android:name
		ADDED from src\main\AndroidManifest.xml:127:25-66
service#org.sipdroid.sipua.ui.RegisterService
ADDED from src\main\AndroidManifest.xml:130:9-73
	android:name
		ADDED from src\main\AndroidManifest.xml:130:18-70
uses-permission#android.permission.INTERNET
ADDED from src\main\AndroidManifest.xml:132:2-80
	android:name
		ADDED from src\main\AndroidManifest.xml:132:19-61
uses-permission#android.permission.MODIFY_AUDIO_SETTINGS
ADDED from src\main\AndroidManifest.xml:133:2-93
	android:name
		ADDED from src\main\AndroidManifest.xml:133:19-74
uses-permission#android.permission.RECORD_AUDIO
ADDED from src\main\AndroidManifest.xml:134:2-84
	android:name
		ADDED from src\main\AndroidManifest.xml:134:19-65
uses-permission#android.permission.PROCESS_OUTGOING_CALLS
ADDED from src\main\AndroidManifest.xml:135:2-94
	android:name
		ADDED from src\main\AndroidManifest.xml:135:19-75
uses-permission#android.permission.WRITE_SETTINGS
ADDED from src\main\AndroidManifest.xml:136:2-86
	android:name
		ADDED from src\main\AndroidManifest.xml:136:19-67
uses-permission#android.permission.READ_PHONE_STATE
ADDED from src\main\AndroidManifest.xml:137:2-88
	android:name
		ADDED from src\main\AndroidManifest.xml:137:19-69
uses-permission#android.permission.ACCESS_WIFI_STATE
ADDED from src\main\AndroidManifest.xml:138:2-89
	android:name
		ADDED from src\main\AndroidManifest.xml:138:19-70
uses-permission#android.permission.RECEIVE_BOOT_COMPLETED
ADDED from src\main\AndroidManifest.xml:139:2-94
	android:name
		ADDED from src\main\AndroidManifest.xml:139:19-75
uses-permission#android.permission.READ_CONTACTS
ADDED from src\main\AndroidManifest.xml:140:2-85
	android:name
		ADDED from src\main\AndroidManifest.xml:140:19-66
uses-permission#android.permission.WRITE_CONTACTS
ADDED from src\main\AndroidManifest.xml:141:2-86
	android:name
		ADDED from src\main\AndroidManifest.xml:141:19-67
uses-permission#android.permission.CALL_PHONE
ADDED from src\main\AndroidManifest.xml:142:2-82
	android:name
		ADDED from src\main\AndroidManifest.xml:142:19-63
uses-permission#android.permission.WAKE_LOCK
ADDED from src\main\AndroidManifest.xml:143:2-81
	android:name
		ADDED from src\main\AndroidManifest.xml:143:19-62
uses-permission#android.permission.DISABLE_KEYGUARD
ADDED from src\main\AndroidManifest.xml:144:2-88
	android:name
		ADDED from src\main\AndroidManifest.xml:144:19-69
uses-permission#android.permission.CAMERA
ADDED from src\main\AndroidManifest.xml:145:2-78
	android:name
		ADDED from src\main\AndroidManifest.xml:145:19-59
uses-permission#android.permission.VIBRATE
ADDED from src\main\AndroidManifest.xml:146:2-80
	android:name
		ADDED from src\main\AndroidManifest.xml:146:19-60
uses-permission#android.permission.ACCESS_FINE_LOCATION
ADDED from src\main\AndroidManifest.xml:147:2-93
	android:name
		ADDED from src\main\AndroidManifest.xml:147:19-73
uses-permission#android.permission.CHANGE_WIFI_STATE
ADDED from src\main\AndroidManifest.xml:148:2-90
	android:name
		ADDED from src\main\AndroidManifest.xml:148:19-70
uses-permission#android.permission.WRITE_EXTERNAL_STORAGE
ADDED from src\main\AndroidManifest.xml:149:2-95
	android:name
		ADDED from src\main\AndroidManifest.xml:149:19-75
uses-permission#android.permission.BLUETOOTH
ADDED from src\main\AndroidManifest.xml:150:2-82
	android:name
		ADDED from src\main\AndroidManifest.xml:150:19-62
uses-permission#android.permission.GET_ACCOUNTS
ADDED from src\main\AndroidManifest.xml:151:2-85
	android:name
		ADDED from src\main\AndroidManifest.xml:151:19-65
uses-permission#android.permission.BROADCAST_STICKY
ADDED from src\main\AndroidManifest.xml:152:2-89
	android:name
		ADDED from src\main\AndroidManifest.xml:152:19-69
uses-permission#android.permission.READ_CALL_LOG
ADDED from src\main\AndroidManifest.xml:153:2-85
	android:name
		ADDED from src\main\AndroidManifest.xml:153:19-66
uses-permission#android.permission.WRITE_CALL_LOG
ADDED from src\main\AndroidManifest.xml:154:2-86
	android:name
		ADDED from src\main\AndroidManifest.xml:154:19-67
uses-permission#android.permission.ACCESS_NETWORK_STATE
ADDED from src\main\AndroidManifest.xml:155:2-92
	android:name
		ADDED from src\main\AndroidManifest.xml:155:19-73
uses-permission#android.permission.INTERACT_ACROSS_USERS_FULL
ADDED from src\main\AndroidManifest.xml:156:2-98
	android:name
		ADDED from src\main\AndroidManifest.xml:156:19-79
meta-data#android.support.VERSION
ADDED from [com.android.support:appcompat-v7:25.3.1] AndroidManifest.xml:25:5-27:34
MERGED from [com.android.support:support-v4:25.3.1] AndroidManifest.xml:25:5-27:34
MERGED from [com.android.support:support-compat:25.3.1] AndroidManifest.xml:25:5-27:34
MERGED from [com.android.support:support-media-compat:25.3.1] AndroidManifest.xml:25:5-27:34
MERGED from [com.android.support:support-core-utils:25.3.1] AndroidManifest.xml:25:5-27:34
MERGED from [com.android.support:support-core-ui:25.3.1] AndroidManifest.xml:25:5-27:34
MERGED from [com.android.support:support-fragment:25.3.1] AndroidManifest.xml:25:5-27:34
MERGED from [com.android.support:support-vector-drawable:25.3.1] AndroidManifest.xml:22:5-24:34
MERGED from [com.android.support:animated-vector-drawable:25.3.1] AndroidManifest.xml:22:5-24:34
	android:value
		ADDED from [com.android.support:appcompat-v7:25.3.1] AndroidManifest.xml:27:9-31
	android:name
		ADDED from [com.android.support:appcompat-v7:25.3.1] AndroidManifest.xml:26:9-47